<?xml version="1.0" encoding="UTF-8"?>
<!-- Generated by org.testng.reporters.JUnitXMLReporter -->
<testsuite ignored="0" hostname="DESKTOP-CEB49JQ" failures="0" tests="5" name="Default test" time="9.253" errors="0" timestamp="2024-06-02T14:18:32 IST">
  <testcase classname="PublicBookAPI.DDTTestNGAPI" name="AddBookAPI" time="7.507"/>
  <testcase classname="PublicBookAPI.DDTTestNGAPI" name="AddBookAPI" time="0.377"/>
  <testcase classname="PublicBookAPI.DDTTestNGAPI" name="AddBookAPI" time="0.363"/>
  <testcase classname="PublicBookAPI.DDTTestNGAPI" name="GetBookAPI" time="0.294"/>
  <testcase classname="PublicBookAPI.DDTTestNGAPI" name="DeleteBook" time="0.389"/>
</testsuite> <!-- Default test -->
