<?xml version="1.0" encoding="UTF-8"?>
<testng-results ignored="0" total="5" passed="5" failed="0" skipped="0">
  <reporter-output>
  </reporter-output>
  <suite started-at="2024-06-02T14:18:23 IST" name="Default suite" finished-at="2024-06-02T14:18:32 IST" duration-ms="9253">
    <groups>
    </groups>
    <test started-at="2024-06-02T14:18:23 IST" name="Default test" finished-at="2024-06-02T14:18:32 IST" duration-ms="9253">
      <class name="PublicBookAPI.DDTTestNGAPI">
        <test-method signature="AddBookAPI(java.lang.String,java.lang.String)[pri:1, instance:PublicBookAPI.DDTTestNGAPI@359f7cdf]" started-at="2024-06-02T14:18:23 IST" name="AddBookAPI" data-provider="TestData" finished-at="2024-06-02T14:18:31 IST" duration-ms="7507" status="PASS">
          <params>
            <param index="0">
              <value>
                <![CDATA[Divya]]>
              </value>
            </param>
            <param index="1">
              <value>
                <![CDATA[1234]]>
              </value>
            </param>
          </params>
          <reporter-output>
          </reporter-output>
        </test-method> <!-- AddBookAPI -->
        <test-method signature="AddBookAPI(java.lang.String,java.lang.String)[pri:1, instance:PublicBookAPI.DDTTestNGAPI@359f7cdf]" started-at="2024-06-02T14:18:31 IST" name="AddBookAPI" data-provider="TestData" finished-at="2024-06-02T14:18:31 IST" duration-ms="377" status="PASS">
          <params>
            <param index="0">
              <value>
                <![CDATA[Vijay]]>
              </value>
            </param>
            <param index="1">
              <value>
                <![CDATA[26899]]>
              </value>
            </param>
          </params>
          <reporter-output>
          </reporter-output>
        </test-method> <!-- AddBookAPI -->
        <test-method signature="AddBookAPI(java.lang.String,java.lang.String)[pri:1, instance:PublicBookAPI.DDTTestNGAPI@359f7cdf]" started-at="2024-06-02T14:18:31 IST" name="AddBookAPI" data-provider="TestData" finished-at="2024-06-02T14:18:31 IST" duration-ms="363" status="PASS">
          <params>
            <param index="0">
              <value>
                <![CDATA[Shiva]]>
              </value>
            </param>
            <param index="1">
              <value>
                <![CDATA[22889]]>
              </value>
            </param>
          </params>
          <reporter-output>
          </reporter-output>
        </test-method> <!-- AddBookAPI -->
        <test-method signature="GetBookAPI()[pri:2, instance:PublicBookAPI.DDTTestNGAPI@359f7cdf]" started-at="2024-06-02T14:18:31 IST" name="GetBookAPI" finished-at="2024-06-02T14:18:32 IST" duration-ms="294" status="PASS">
          <reporter-output>
          </reporter-output>
        </test-method> <!-- GetBookAPI -->
        <test-method signature="DeleteBook()[pri:3, instance:PublicBookAPI.DDTTestNGAPI@359f7cdf]" started-at="2024-06-02T14:18:32 IST" name="DeleteBook" finished-at="2024-06-02T14:18:32 IST" duration-ms="389" status="PASS">
          <reporter-output>
          </reporter-output>
        </test-method> <!-- DeleteBook -->
      </class> <!-- PublicBookAPI.DDTTestNGAPI -->
    </test> <!-- Default test -->
  </suite> <!-- Default suite -->
</testng-results>
